<?xml version="1.0" encoding="UTF-8"?>
<!-- Generated by org.testng.reporters.JUnitXMLReporter -->
<testsuite hostname="Velmurugan" ignored="4" name="Default test(failed)" tests="1" failures="1" timestamp="12 Feb 2021 09:55:19 GMT" time="0.037" errors="0">
  <testcase name="tc2" time="0.012" classname="org.sample.Sample">
    <failure type="java.lang.AssertionError" message="expected [true] but found [false]">
      <![CDATA[java.lang.AssertionError: expected [true] but found [false]
at org.sample.Sample.tc2(Sample.java:31)
... Removed 29 stack frames]]>
    </failure>
  </testcase> <!-- tc2 -->
  <testcase name="tc4" time="0.0" classname="org.sample.Sample">
    <ignored/>
  </testcase> <!-- tc4 -->
  <testcase name="tc3" time="0.0" classname="org.sample.Sample">
    <ignored/>
  </testcase> <!-- tc3 -->
  <testcase name="tc0" time="0.0" classname="org.sample.Sample">
    <ignored/>
  </testcase> <!-- tc0 -->
  <testcase name="tc1" time="0.0" classname="org.sample.Sample">
    <ignored/>
  </testcase> <!-- tc1 -->
</testsuite> <!-- Default test(failed) -->
